Determining if the pthread_create exist failed with the following output:
Change Dir: /home/rafanistelroy/Desktop/ATCSim/ATCSim/build/CMakeFiles/CMakeTmp

Run Build Command:"/usr/bin/make" "cmTC_21829/fast"
/usr/bin/make -f CMakeFiles/cmTC_21829.dir/build.make CMakeFiles/cmTC_21829.dir/build
make[1]: Entering directory '/home/rafanistelroy/Desktop/ATCSim/ATCSim/build/CMakeFiles/CMakeTmp'
Building C object CMakeFiles/cmTC_21829.dir/CheckSymbolExists.c.o
/usr/bin/cc    -o CMakeFiles/cmTC_21829.dir/CheckSymbolExists.c.o   -c /home/rafanistelroy/Desktop/ATCSim/ATCSim/build/CMakeFiles/CMakeTmp/CheckSymbolExists.c
Linking C executable cmTC_21829
/usr/bin/cmake -E cmake_link_script CMakeFiles/cmTC_21829.dir/link.txt --verbose=1
/usr/bin/cc      CMakeFiles/cmTC_21829.dir/CheckSymbolExists.c.o  -o cmTC_21829 
CMakeFiles/cmTC_21829.dir/CheckSymbolExists.c.o: In function `main':
CheckSymbolExists.c:(.text+0x1b): undefined reference to `pthread_create'
collect2: error: ld returned 1 exit status
CMakeFiles/cmTC_21829.dir/build.make:97: recipe for target 'cmTC_21829' failed
make[1]: *** [cmTC_21829] Error 1
make[1]: Leaving directory '/home/rafanistelroy/Desktop/ATCSim/ATCSim/build/CMakeFiles/CMakeTmp'
Makefile:126: recipe for target 'cmTC_21829/fast' failed
make: *** [cmTC_21829/fast] Error 2

File /home/rafanistelroy/Desktop/ATCSim/ATCSim/build/CMakeFiles/CMakeTmp/CheckSymbolExists.c:
/* */
#include <pthread.h>

int main(int argc, char** argv)
{
  (void)argv;
#ifndef pthread_create
  return ((int*)(&pthread_create))[argc];
#else
  (void)argc;
  return 0;
#endif
}

Determining if the function pthread_create exists in the pthreads failed with the following output:
Change Dir: /home/rafanistelroy/Desktop/ATCSim/ATCSim/build/CMakeFiles/CMakeTmp

Run Build Command:"/usr/bin/make" "cmTC_88ba4/fast"
/usr/bin/make -f CMakeFiles/cmTC_88ba4.dir/build.make CMakeFiles/cmTC_88ba4.dir/build
make[1]: Entering directory '/home/rafanistelroy/Desktop/ATCSim/ATCSim/build/CMakeFiles/CMakeTmp'
Building C object CMakeFiles/cmTC_88ba4.dir/CheckFunctionExists.c.o
/usr/bin/cc   -DCHECK_FUNCTION_EXISTS=pthread_create   -o CMakeFiles/cmTC_88ba4.dir/CheckFunctionExists.c.o   -c /usr/share/cmake-3.10/Modules/CheckFunctionExists.c
Linking C executable cmTC_88ba4
/usr/bin/cmake -E cmake_link_script CMakeFiles/cmTC_88ba4.dir/link.txt --verbose=1
/usr/bin/cc  -DCHECK_FUNCTION_EXISTS=pthread_create    CMakeFiles/cmTC_88ba4.dir/CheckFunctionExists.c.o  -o cmTC_88ba4 -lpthreads 
/usr/bin/ld: cannot find -lpthreads
collect2: error: ld returned 1 exit status
CMakeFiles/cmTC_88ba4.dir/build.make:97: recipe for target 'cmTC_88ba4' failed
make[1]: *** [cmTC_88ba4] Error 1
make[1]: Leaving directory '/home/rafanistelroy/Desktop/ATCSim/ATCSim/build/CMakeFiles/CMakeTmp'
Makefile:126: recipe for target 'cmTC_88ba4/fast' failed
make: *** [cmTC_88ba4/fast] Error 2


